TOP OF main.py
[IMPORT] before yaml
[IMPORT] after yaml
[IMPORT] before argparse
[IMPORT] after argparse
[IMPORT] before os
[IMPORT] after os
[IMPORT] before re
[IMPORT] after re
[IMPORT] before numpy
[IMPORT] after numpy
[IMPORT] before utils.dataloader
TOP OF utils/dataloader.py
[dataloader IMPORT] before os
[dataloader IMPORT] after os
[dataloader IMPORT] before json
[dataloader IMPORT] after json
[dataloader IMPORT] before torch
[dataloader IMPORT] after torch
[dataloader IMPORT] before random
[dataloader IMPORT] after random
[dataloader IMPORT] before copy
[dataloader IMPORT] after copy
[dataloader IMPORT] before utils.tools
